<?xml version="1.0" encoding="UTF-8"?>
<testsuite xmlns:xsi="http://www.w3.org/2001/XMLSchema-instance" xsi:noNamespaceSchemaLocation="https://maven.apache.org/surefire/maven-surefire-plugin/xsd/surefire-test-report.xsd" name="de.hdbw.hgy.db.access.DBZugriffTest" time="1.035" tests="5" errors="0" skipped="0" failures="0">
  <properties>
    <property name="java.specification.version" value="18"/>
    <property name="sun.cpu.isalist" value="amd64"/>
    <property name="sun.jnu.encoding" value="Cp1252"/>
    <property name="java.class.path" value="C:\Users\timmu\OneDrive\Desktop\Teilnehmer-Web-Anwendung\Teilnehmer-DatenZugriffProviderMangoDB\target\test-classes;C:\Users\timmu\OneDrive\Desktop\Teilnehmer-Web-Anwendung\Teilnehmer-DatenZugriffProviderMangoDB\target\classes;C:\Users\timmu\OneDrive\Desktop\Teilnehmer-Web-Anwendung\Teilnehmer-DatenZugriffModule\target\Teilnehmer-DatenZugriffModule-1.0.jar;C:\Users\timmu\.m2\repository\org\mongodb\mongo-java-driver\3.4.1\mongo-java-driver-3.4.1.jar;C:\Users\timmu\.m2\repository\junit\junit\4.10\junit-4.10.jar;C:\Users\timmu\.m2\repository\org\hamcrest\hamcrest-core\1.1\hamcrest-core-1.1.jar;"/>
    <property name="java.vm.vendor" value="Oracle Corporation"/>
    <property name="sun.arch.data.model" value="64"/>
    <property name="user.variant" value=""/>
    <property name="java.vendor.url" value="https://java.oracle.com/"/>
    <property name="user.timezone" value="Europe/Berlin"/>
    <property name="os.name" value="Windows 11"/>
    <property name="java.vm.specification.version" value="18"/>
    <property name="sun.java.launcher" value="SUN_STANDARD"/>
    <property name="user.country" value="GB"/>
    <property name="sun.boot.library.path" value="C:\Program Files\Java\jdk-18.0.1.1\bin"/>
    <property name="sun.java.command" value="C:\Users\timmu\AppData\Local\Temp\surefire13219013781321405001\surefirebooter15836154530013779520.jar C:\Users\timmu\AppData\Local\Temp\surefire13219013781321405001 2022-05-30T15-02-54_851-jvmRun1 surefire14514115460390877141tmp surefire_01524391825489250897tmp"/>
    <property name="jdk.debug" value="release"/>
    <property name="surefire.test.class.path" value="C:\Users\timmu\OneDrive\Desktop\Teilnehmer-Web-Anwendung\Teilnehmer-DatenZugriffProviderMangoDB\target\test-classes;C:\Users\timmu\OneDrive\Desktop\Teilnehmer-Web-Anwendung\Teilnehmer-DatenZugriffProviderMangoDB\target\classes;C:\Users\timmu\OneDrive\Desktop\Teilnehmer-Web-Anwendung\Teilnehmer-DatenZugriffModule\target\Teilnehmer-DatenZugriffModule-1.0.jar;C:\Users\timmu\.m2\repository\org\mongodb\mongo-java-driver\3.4.1\mongo-java-driver-3.4.1.jar;C:\Users\timmu\.m2\repository\junit\junit\4.10\junit-4.10.jar;C:\Users\timmu\.m2\repository\org\hamcrest\hamcrest-core\1.1\hamcrest-core-1.1.jar;"/>
    <property name="sun.cpu.endian" value="little"/>
    <property name="user.home" value="C:\Users\timmu"/>
    <property name="user.language" value="en"/>
    <property name="java.specification.vendor" value="Oracle Corporation"/>
    <property name="java.version.date" value="2022-04-22"/>
    <property name="java.home" value="C:\Program Files\Java\jdk-18.0.1.1"/>
    <property name="file.separator" value="\"/>
    <property name="basedir" value="C:\Users\timmu\OneDrive\Desktop\Teilnehmer-Web-Anwendung\Teilnehmer-DatenZugriffProviderMangoDB"/>
    <property name="java.vm.compressedOopsMode" value="Zero based"/>
    <property name="line.separator" value="&#10;"/>
    <property name="java.vm.specification.vendor" value="Oracle Corporation"/>
    <property name="java.specification.name" value="Java Platform API Specification"/>
    <property name="surefire.real.class.path" value="C:\Users\timmu\AppData\Local\Temp\surefire13219013781321405001\surefirebooter15836154530013779520.jar"/>
    <property name="user.script" value=""/>
    <property name="sun.management.compiler" value="HotSpot 64-Bit Tiered Compilers"/>
    <property name="java.runtime.version" value="18.0.1.1+2-6"/>
    <property name="user.name" value="timmu"/>
    <property name="path.separator" value=";"/>
    <property name="os.version" value="10.0"/>
    <property name="java.runtime.name" value="Java(TM) SE Runtime Environment"/>
    <property name="file.encoding" value="UTF-8"/>
    <property name="java.vm.name" value="Java HotSpot(TM) 64-Bit Server VM"/>
    <property name="localRepository" value="C:\Users\timmu\.m2\repository"/>
    <property name="java.vendor.url.bug" value="https://bugreport.java.com/bugreport/"/>
    <property name="java.io.tmpdir" value="C:\Users\timmu\AppData\Local\Temp\"/>
    <property name="idea.version" value="2022.1.1"/>
    <property name="java.version" value="18.0.1.1"/>
    <property name="user.dir" value="C:\Users\timmu\OneDrive\Desktop\Teilnehmer-Web-Anwendung\Teilnehmer-DatenZugriffProviderMangoDB"/>
    <property name="os.arch" value="amd64"/>
    <property name="java.vm.specification.name" value="Java Virtual Machine Specification"/>
    <property name="sun.os.patch.level" value=""/>
    <property name="native.encoding" value="Cp1252"/>
    <property name="java.library.path" value="C:\Program Files\Java\jdk-18.0.1.1\bin;C:\WINDOWS\Sun\Java\bin;C:\WINDOWS\system32;C:\WINDOWS;C:\Program Files\Common Files\Oracle\Java\javapath;C:\Python310\Scripts\;C:\Python310\;C:\Program Files (x86)\Razer Chroma SDK\bin;C:\Program Files\Razer Chroma SDK\bin;C:\Program Files (x86)\Razer\ChromaBroadcast\bin;C:\Program Files\Razer\ChromaBroadcast\bin;C:\WINDOWS\system32;C:\WINDOWS;C:\WINDOWS\System32\Wbem;C:\WINDOWS\System32\WindowsPowerShell\v1.0\;C:\WINDOWS\System32\OpenSSH\;C:\Program Files\dotnet\;C:\WINDOWS\system32\config\systemprofile\AppData\Local\Microsoft\WindowsApps;C:\Program Files\NVIDIA Corporation\NVIDIA NvDLISR;C:\Program Files (x86)\NVIDIA Corporation\PhysX\Common;C:\Program Files\Git\cmd;C:\Program Files\nodejs\;C:\ProgramData\chocolatey\bin;%SystemRoot%\system32;%SystemRoot%;%SystemRoot%\System32\Wbem;%SYSTEMROOT%\System32\WindowsPowerShell\v1.0\;%SYSTEMROOT%\System32\OpenSSH\;C:\Users\timmu\AppData\Local\Microsoft\WindowsApps;C:\Users\timmu\AppData\Local\GitHubDesktop\bin;C:\Users\timmu\AppData\Roaming\npm;C:\Users\timmu\AppData\Local\Programs\Microsoft VS Code\bin;;."/>
    <property name="java.vm.info" value="mixed mode, sharing"/>
    <property name="java.vendor" value="Oracle Corporation"/>
    <property name="java.vm.version" value="18.0.1.1+2-6"/>
    <property name="sun.io.unicode.encoding" value="UnicodeLittle"/>
    <property name="java.class.version" value="62.0"/>
  </properties>
  <testcase name="insert_read_check" classname="de.hdbw.hgy.db.access.DBZugriffTest" time="0.929"/>
  <testcase name="searchUsers" classname="de.hdbw.hgy.db.access.DBZugriffTest" time="0.013"/>
  <testcase name="getUserById" classname="de.hdbw.hgy.db.access.DBZugriffTest" time="0.016"/>
  <testcase name="searchAllUsers" classname="de.hdbw.hgy.db.access.DBZugriffTest" time="0.017"/>
  <testcase name="insert_update_check" classname="de.hdbw.hgy.db.access.DBZugriffTest" time="0.022"/>
</testsuite>