<?xml version="1.0" encoding="UTF-8"?>
<testsuite xmlns:xsi="http://www.w3.org/2001/XMLSchema-instance" xsi:noNamespaceSchemaLocation="https://maven.apache.org/surefire/maven-surefire-plugin/xsd/surefire-test-report-3.0.xsd" version="3.0" name="de.hdbw.integration.rest.client.test.ConsumerAnnotation2Test" time="0.281" tests="1" errors="1" skipped="0" failures="0">
  <properties>
    <property name="java.specification.version" value="18"/>
    <property name="sun.cpu.isalist" value="amd64"/>
    <property name="sun.jnu.encoding" value="Cp1252"/>
    <property name="java.class.path" value="C:\Users\timmu\OneDrive\Desktop\Teilnehmer-Web-Anwendung\Teilnehmer-JaxRS-Client\target\test-classes;C:\Users\timmu\OneDrive\Desktop\Teilnehmer-Web-Anwendung\Teilnehmer-JaxRS-Client\target\classes;C:\Users\timmu\.m2\repository\com\google\code\gson\gson\2.4\gson-2.4.jar;C:\Users\timmu\.m2\repository\au\com\dius\pact-jvm-consumer-junit_2.12\3.6.13\pact-jvm-consumer-junit_2.12-3.6.13.jar;C:\Users\timmu\.m2\repository\au\com\dius\pact-jvm-consumer_2.12\3.6.13\pact-jvm-consumer_2.12-3.6.13.jar;C:\Users\timmu\.m2\repository\au\com\dius\pact-jvm-model\3.6.13\pact-jvm-model-3.6.13.jar;C:\Users\timmu\.m2\repository\au\com\dius\pact-jvm-support\3.6.13\pact-jvm-support-3.6.13.jar;C:\Users\timmu\.m2\repository\org\jetbrains\kotlin\kotlin-stdlib-jdk8\1.3.30\kotlin-stdlib-jdk8-1.3.30.jar;C:\Users\timmu\.m2\repository\org\jetbrains\kotlin\kotlin-stdlib-jdk7\1.3.30\kotlin-stdlib-jdk7-1.3.30.jar;C:\Users\timmu\.m2\repository\com\google\code\findbugs\jsr305\3.0.2\jsr305-3.0.2.jar;C:\Users\timmu\.m2\repository\com\github\salomonbrys\kotson\kotson\2.5.0\kotson-2.5.0.jar;C:\Users\timmu\.m2\repository\au\com\dius\pact-jvm-pact-broker\3.6.13\pact-jvm-pact-broker-3.6.13.jar;C:\Users\timmu\.m2\repository\org\dmfs\rfc3986-uri\0.8\rfc3986-uri-0.8.jar;C:\Users\timmu\.m2\repository\org\dmfs\iterators\1.5\iterators-1.5.jar;C:\Users\timmu\.m2\repository\org\dmfs\optional\0.3\optional-0.3.jar;C:\Users\timmu\.m2\repository\io\github\microutils\kotlin-logging\1.4.4\kotlin-logging-1.4.4.jar;C:\Users\timmu\.m2\repository\com\github\zafarkhaja\java-semver\0.9.0\java-semver-0.9.0.jar;C:\Users\timmu\.m2\repository\org\apache\commons\commons-collections4\4.1\commons-collections4-4.1.jar;C:\Users\timmu\.m2\repository\com\github\mifmif\generex\1.0.2\generex-1.0.2.jar;C:\Users\timmu\.m2\repository\javax\mail\mail\1.5.0-b01\mail-1.5.0-b01.jar;C:\Users\timmu\.m2\repository\javax\activation\activation\1.1\activation-1.1.jar;C:\Users\timmu\.m2\repository\org\jetbrains\kotlin\kotlin-reflect\1.3.30\kotlin-reflect-1.3.30.jar;C:\Users\timmu\.m2\repository\org\jetbrains\kotlin\kotlin-stdlib\1.3.30\kotlin-stdlib-1.3.30.jar;C:\Users\timmu\.m2\repository\org\jetbrains\kotlin\kotlin-stdlib-common\1.3.30\kotlin-stdlib-common-1.3.30.jar;C:\Users\timmu\.m2\repository\org\jetbrains\annotations\13.0\annotations-13.0.jar;C:\Users\timmu\.m2\repository\com\amazonaws\aws-java-sdk-s3\1.11.587\aws-java-sdk-s3-1.11.587.jar;C:\Users\timmu\.m2\repository\com\amazonaws\aws-java-sdk-kms\1.11.587\aws-java-sdk-kms-1.11.587.jar;C:\Users\timmu\.m2\repository\com\amazonaws\aws-java-sdk-core\1.11.587\aws-java-sdk-core-1.11.587.jar;C:\Users\timmu\.m2\repository\software\amazon\ion\ion-java\1.0.2\ion-java-1.0.2.jar;C:\Users\timmu\.m2\repository\com\fasterxml\jackson\core\jackson-databind\2.6.7.2\jackson-databind-2.6.7.2.jar;C:\Users\timmu\.m2\repository\com\fasterxml\jackson\core\jackson-annotations\2.6.0\jackson-annotations-2.6.0.jar;C:\Users\timmu\.m2\repository\com\fasterxml\jackson\core\jackson-core\2.6.7\jackson-core-2.6.7.jar;C:\Users\timmu\.m2\repository\com\fasterxml\jackson\dataformat\jackson-dataformat-cbor\2.6.7\jackson-dataformat-cbor-2.6.7.jar;C:\Users\timmu\.m2\repository\joda-time\joda-time\2.8.1\joda-time-2.8.1.jar;C:\Users\timmu\.m2\repository\com\amazonaws\jmespath-java\1.11.587\jmespath-java-1.11.587.jar;C:\Users\timmu\.m2\repository\org\slf4j\slf4j-api\1.7.26\slf4j-api-1.7.26.jar;C:\Users\timmu\.m2\repository\au\com\dius\pact-jvm-matchers_2.12\3.6.13\pact-jvm-matchers_2.12-3.6.13.jar;C:\Users\timmu\.m2\repository\io\gatling\jsonpath_2.12\0.6.10\jsonpath_2.12-0.6.10.jar;C:\Users\timmu\.m2\repository\org\scala-lang\modules\scala-parser-combinators_2.12\1.0.6\scala-parser-combinators_2.12-1.0.6.jar;C:\Users\timmu\.m2\repository\org\scala-lang\modules\scala-xml_2.12\1.0.6\scala-xml_2.12-1.0.6.jar;C:\Users\timmu\.m2\repository\org\scala-lang\scala-library\2.12.7\scala-library-2.12.7.jar;C:\Users\timmu\.m2\repository\com\typesafe\scala-logging\scala-logging_2.12\3.7.2\scala-logging_2.12-3.7.2.jar;C:\Users\timmu\.m2\repository\org\atteo\evo-inflector\1.2.2\evo-inflector-1.2.2.jar;C:\Users\timmu\.m2\repository\com\googlecode\java-diff-utils\diffutils\1.3.0\diffutils-1.3.0.jar;C:\Users\timmu\.m2\repository\dk\brics\automaton\automaton\1.11-8\automaton-1.11-8.jar;C:\Users\timmu\.m2\repository\org\apache\httpcomponents\httpclient\4.5.5\httpclient-4.5.5.jar;C:\Users\timmu\.m2\repository\org\apache\httpcomponents\httpcore\4.4.9\httpcore-4.4.9.jar;C:\Users\timmu\.m2\repository\commons-logging\commons-logging\1.2\commons-logging-1.2.jar;C:\Users\timmu\.m2\repository\commons-codec\commons-codec\1.10\commons-codec-1.10.jar;C:\Users\timmu\.m2\repository\io\netty\netty-handler\4.1.30.Final\netty-handler-4.1.30.Final.jar;C:\Users\timmu\.m2\repository\io\netty\netty-buffer\4.1.30.Final\netty-buffer-4.1.30.Final.jar;C:\Users\timmu\.m2\repository\io\netty\netty-common\4.1.30.Final\netty-common-4.1.30.Final.jar;C:\Users\timmu\.m2\repository\io\netty\netty-transport\4.1.30.Final\netty-transport-4.1.30.Final.jar;C:\Users\timmu\.m2\repository\io\netty\netty-resolver\4.1.30.Final\netty-resolver-4.1.30.Final.jar;C:\Users\timmu\.m2\repository\io\netty\netty-codec\4.1.30.Final\netty-codec-4.1.30.Final.jar;C:\Users\timmu\.m2\repository\org\apache\httpcomponents\httpmime\4.5.5\httpmime-4.5.5.jar;C:\Users\timmu\.m2\repository\ws\unfiltered\unfiltered-netty-server_2.12\0.9.1\unfiltered-netty-server_2.12-0.9.1.jar;C:\Users\timmu\.m2\repository\ws\unfiltered\unfiltered-netty_2.12\0.9.1\unfiltered-netty_2.12-0.9.1.jar;C:\Users\timmu\.m2\repository\ws\unfiltered\unfiltered_2.12\0.9.1\unfiltered_2.12-0.9.1.jar;C:\Users\timmu\.m2\repository\io\netty\netty-codec-http\4.1.9.Final\netty-codec-http-4.1.9.Final.jar;C:\Users\timmu\.m2\repository\ws\unfiltered\unfiltered-util_2.12\0.9.1\unfiltered-util_2.12-0.9.1.jar;C:\Users\timmu\.m2\repository\org\apache\httpcomponents\fluent-hc\4.5.5\fluent-hc-4.5.5.jar;C:\Users\timmu\.m2\repository\org\scala-lang\modules\scala-java8-compat_2.12\0.8.0\scala-java8-compat_2.12-0.8.0.jar;C:\Users\timmu\.m2\repository\org\codehaus\groovy\groovy-json\2.5.6\groovy-json-2.5.6.jar;C:\Users\timmu\.m2\repository\org\codehaus\groovy\groovy\2.5.6\groovy-2.5.6.jar;C:\Users\timmu\.m2\repository\junit\junit\4.12\junit-4.12.jar;C:\Users\timmu\.m2\repository\org\hamcrest\hamcrest-core\1.3\hamcrest-core-1.3.jar;C:\Users\timmu\.m2\repository\org\json\json\20160212\json-20160212.jar;C:\Users\timmu\.m2\repository\org\apache\commons\commons-lang3\3.4\commons-lang3-3.4.jar;C:\Users\timmu\.m2\repository\com\google\guava\guava\18.0\guava-18.0.jar;C:\Users\timmu\.m2\repository\javax\ws\rs\javax.ws.rs-api\2.1.1\javax.ws.rs-api-2.1.1.jar;C:\Users\timmu\.m2\repository\org\glassfish\jersey\core\jersey-client\2.29\jersey-client-2.29.jar;C:\Users\timmu\.m2\repository\jakarta\ws\rs\jakarta.ws.rs-api\2.1.5\jakarta.ws.rs-api-2.1.5.jar;C:\Users\timmu\.m2\repository\org\glassfish\jersey\core\jersey-common\2.29\jersey-common-2.29.jar;C:\Users\timmu\.m2\repository\jakarta\annotation\jakarta.annotation-api\1.3.4\jakarta.annotation-api-1.3.4.jar;C:\Users\timmu\.m2\repository\org\glassfish\hk2\osgi-resource-locator\1.0.3\osgi-resource-locator-1.0.3.jar;C:\Users\timmu\.m2\repository\com\sun\activation\jakarta.activation\1.2.1\jakarta.activation-1.2.1.jar;C:\Users\timmu\.m2\repository\org\glassfish\hk2\external\jakarta.inject\2.5.0\jakarta.inject-2.5.0.jar;C:\Users\timmu\.m2\repository\org\glassfish\jersey\inject\jersey-hk2\2.29\jersey-hk2-2.29.jar;C:\Users\timmu\.m2\repository\org\glassfish\hk2\hk2-locator\2.5.0\hk2-locator-2.5.0.jar;C:\Users\timmu\.m2\repository\org\glassfish\hk2\external\aopalliance-repackaged\2.5.0\aopalliance-repackaged-2.5.0.jar;C:\Users\timmu\.m2\repository\org\glassfish\hk2\hk2-api\2.5.0\hk2-api-2.5.0.jar;C:\Users\timmu\.m2\repository\org\glassfish\hk2\hk2-utils\2.5.0\hk2-utils-2.5.0.jar;C:\Users\timmu\.m2\repository\org\javassist\javassist\3.22.0-CR2\javassist-3.22.0-CR2.jar;C:\Users\timmu\.m2\repository\com\sun\jersey\jersey-client\1.19\jersey-client-1.19.jar;C:\Users\timmu\.m2\repository\com\sun\jersey\jersey-core\1.19\jersey-core-1.19.jar;C:\Users\timmu\.m2\repository\javax\ws\rs\jsr311-api\1.1.1\jsr311-api-1.1.1.jar;"/>
    <property name="java.vm.vendor" value="Oracle Corporation"/>
    <property name="sun.arch.data.model" value="64"/>
    <property name="user.variant" value=""/>
    <property name="java.vendor.url" value="https://java.oracle.com/"/>
    <property name="user.timezone" value="Europe/Berlin"/>
    <property name="os.name" value="Windows 11"/>
    <property name="java.vm.specification.version" value="18"/>
    <property name="sun.java.launcher" value="SUN_STANDARD"/>
    <property name="user.country" value="GB"/>
    <property name="sun.boot.library.path" value="C:\Program Files\Java\jdk-18.0.1.1\bin"/>
    <property name="sun.java.command" value="C:\Users\timmu\AppData\Local\Temp\surefire10856199406185781760\surefirebooter16833551177583871113.jar C:\Users\timmu\AppData\Local\Temp\surefire10856199406185781760 2022-05-30T15-03-03_582-jvmRun1 surefire3434569589815952175tmp surefire_01228691679171911729tmp"/>
    <property name="jdk.debug" value="release"/>
    <property name="surefire.test.class.path" value="C:\Users\timmu\OneDrive\Desktop\Teilnehmer-Web-Anwendung\Teilnehmer-JaxRS-Client\target\test-classes;C:\Users\timmu\OneDrive\Desktop\Teilnehmer-Web-Anwendung\Teilnehmer-JaxRS-Client\target\classes;C:\Users\timmu\.m2\repository\com\google\code\gson\gson\2.4\gson-2.4.jar;C:\Users\timmu\.m2\repository\au\com\dius\pact-jvm-consumer-junit_2.12\3.6.13\pact-jvm-consumer-junit_2.12-3.6.13.jar;C:\Users\timmu\.m2\repository\au\com\dius\pact-jvm-consumer_2.12\3.6.13\pact-jvm-consumer_2.12-3.6.13.jar;C:\Users\timmu\.m2\repository\au\com\dius\pact-jvm-model\3.6.13\pact-jvm-model-3.6.13.jar;C:\Users\timmu\.m2\repository\au\com\dius\pact-jvm-support\3.6.13\pact-jvm-support-3.6.13.jar;C:\Users\timmu\.m2\repository\org\jetbrains\kotlin\kotlin-stdlib-jdk8\1.3.30\kotlin-stdlib-jdk8-1.3.30.jar;C:\Users\timmu\.m2\repository\org\jetbrains\kotlin\kotlin-stdlib-jdk7\1.3.30\kotlin-stdlib-jdk7-1.3.30.jar;C:\Users\timmu\.m2\repository\com\google\code\findbugs\jsr305\3.0.2\jsr305-3.0.2.jar;C:\Users\timmu\.m2\repository\com\github\salomonbrys\kotson\kotson\2.5.0\kotson-2.5.0.jar;C:\Users\timmu\.m2\repository\au\com\dius\pact-jvm-pact-broker\3.6.13\pact-jvm-pact-broker-3.6.13.jar;C:\Users\timmu\.m2\repository\org\dmfs\rfc3986-uri\0.8\rfc3986-uri-0.8.jar;C:\Users\timmu\.m2\repository\org\dmfs\iterators\1.5\iterators-1.5.jar;C:\Users\timmu\.m2\repository\org\dmfs\optional\0.3\optional-0.3.jar;C:\Users\timmu\.m2\repository\io\github\microutils\kotlin-logging\1.4.4\kotlin-logging-1.4.4.jar;C:\Users\timmu\.m2\repository\com\github\zafarkhaja\java-semver\0.9.0\java-semver-0.9.0.jar;C:\Users\timmu\.m2\repository\org\apache\commons\commons-collections4\4.1\commons-collections4-4.1.jar;C:\Users\timmu\.m2\repository\com\github\mifmif\generex\1.0.2\generex-1.0.2.jar;C:\Users\timmu\.m2\repository\javax\mail\mail\1.5.0-b01\mail-1.5.0-b01.jar;C:\Users\timmu\.m2\repository\javax\activation\activation\1.1\activation-1.1.jar;C:\Users\timmu\.m2\repository\org\jetbrains\kotlin\kotlin-reflect\1.3.30\kotlin-reflect-1.3.30.jar;C:\Users\timmu\.m2\repository\org\jetbrains\kotlin\kotlin-stdlib\1.3.30\kotlin-stdlib-1.3.30.jar;C:\Users\timmu\.m2\repository\org\jetbrains\kotlin\kotlin-stdlib-common\1.3.30\kotlin-stdlib-common-1.3.30.jar;C:\Users\timmu\.m2\repository\org\jetbrains\annotations\13.0\annotations-13.0.jar;C:\Users\timmu\.m2\repository\com\amazonaws\aws-java-sdk-s3\1.11.587\aws-java-sdk-s3-1.11.587.jar;C:\Users\timmu\.m2\repository\com\amazonaws\aws-java-sdk-kms\1.11.587\aws-java-sdk-kms-1.11.587.jar;C:\Users\timmu\.m2\repository\com\amazonaws\aws-java-sdk-core\1.11.587\aws-java-sdk-core-1.11.587.jar;C:\Users\timmu\.m2\repository\software\amazon\ion\ion-java\1.0.2\ion-java-1.0.2.jar;C:\Users\timmu\.m2\repository\com\fasterxml\jackson\core\jackson-databind\2.6.7.2\jackson-databind-2.6.7.2.jar;C:\Users\timmu\.m2\repository\com\fasterxml\jackson\core\jackson-annotations\2.6.0\jackson-annotations-2.6.0.jar;C:\Users\timmu\.m2\repository\com\fasterxml\jackson\core\jackson-core\2.6.7\jackson-core-2.6.7.jar;C:\Users\timmu\.m2\repository\com\fasterxml\jackson\dataformat\jackson-dataformat-cbor\2.6.7\jackson-dataformat-cbor-2.6.7.jar;C:\Users\timmu\.m2\repository\joda-time\joda-time\2.8.1\joda-time-2.8.1.jar;C:\Users\timmu\.m2\repository\com\amazonaws\jmespath-java\1.11.587\jmespath-java-1.11.587.jar;C:\Users\timmu\.m2\repository\org\slf4j\slf4j-api\1.7.26\slf4j-api-1.7.26.jar;C:\Users\timmu\.m2\repository\au\com\dius\pact-jvm-matchers_2.12\3.6.13\pact-jvm-matchers_2.12-3.6.13.jar;C:\Users\timmu\.m2\repository\io\gatling\jsonpath_2.12\0.6.10\jsonpath_2.12-0.6.10.jar;C:\Users\timmu\.m2\repository\org\scala-lang\modules\scala-parser-combinators_2.12\1.0.6\scala-parser-combinators_2.12-1.0.6.jar;C:\Users\timmu\.m2\repository\org\scala-lang\modules\scala-xml_2.12\1.0.6\scala-xml_2.12-1.0.6.jar;C:\Users\timmu\.m2\repository\org\scala-lang\scala-library\2.12.7\scala-library-2.12.7.jar;C:\Users\timmu\.m2\repository\com\typesafe\scala-logging\scala-logging_2.12\3.7.2\scala-logging_2.12-3.7.2.jar;C:\Users\timmu\.m2\repository\org\atteo\evo-inflector\1.2.2\evo-inflector-1.2.2.jar;C:\Users\timmu\.m2\repository\com\googlecode\java-diff-utils\diffutils\1.3.0\diffutils-1.3.0.jar;C:\Users\timmu\.m2\repository\dk\brics\automaton\automaton\1.11-8\automaton-1.11-8.jar;C:\Users\timmu\.m2\repository\org\apache\httpcomponents\httpclient\4.5.5\httpclient-4.5.5.jar;C:\Users\timmu\.m2\repository\org\apache\httpcomponents\httpcore\4.4.9\httpcore-4.4.9.jar;C:\Users\timmu\.m2\repository\commons-logging\commons-logging\1.2\commons-logging-1.2.jar;C:\Users\timmu\.m2\repository\commons-codec\commons-codec\1.10\commons-codec-1.10.jar;C:\Users\timmu\.m2\repository\io\netty\netty-handler\4.1.30.Final\netty-handler-4.1.30.Final.jar;C:\Users\timmu\.m2\repository\io\netty\netty-buffer\4.1.30.Final\netty-buffer-4.1.30.Final.jar;C:\Users\timmu\.m2\repository\io\netty\netty-common\4.1.30.Final\netty-common-4.1.30.Final.jar;C:\Users\timmu\.m2\repository\io\netty\netty-transport\4.1.30.Final\netty-transport-4.1.30.Final.jar;C:\Users\timmu\.m2\repository\io\netty\netty-resolver\4.1.30.Final\netty-resolver-4.1.30.Final.jar;C:\Users\timmu\.m2\repository\io\netty\netty-codec\4.1.30.Final\netty-codec-4.1.30.Final.jar;C:\Users\timmu\.m2\repository\org\apache\httpcomponents\httpmime\4.5.5\httpmime-4.5.5.jar;C:\Users\timmu\.m2\repository\ws\unfiltered\unfiltered-netty-server_2.12\0.9.1\unfiltered-netty-server_2.12-0.9.1.jar;C:\Users\timmu\.m2\repository\ws\unfiltered\unfiltered-netty_2.12\0.9.1\unfiltered-netty_2.12-0.9.1.jar;C:\Users\timmu\.m2\repository\ws\unfiltered\unfiltered_2.12\0.9.1\unfiltered_2.12-0.9.1.jar;C:\Users\timmu\.m2\repository\io\netty\netty-codec-http\4.1.9.Final\netty-codec-http-4.1.9.Final.jar;C:\Users\timmu\.m2\repository\ws\unfiltered\unfiltered-util_2.12\0.9.1\unfiltered-util_2.12-0.9.1.jar;C:\Users\timmu\.m2\repository\org\apache\httpcomponents\fluent-hc\4.5.5\fluent-hc-4.5.5.jar;C:\Users\timmu\.m2\repository\org\scala-lang\modules\scala-java8-compat_2.12\0.8.0\scala-java8-compat_2.12-0.8.0.jar;C:\Users\timmu\.m2\repository\org\codehaus\groovy\groovy-json\2.5.6\groovy-json-2.5.6.jar;C:\Users\timmu\.m2\repository\org\codehaus\groovy\groovy\2.5.6\groovy-2.5.6.jar;C:\Users\timmu\.m2\repository\junit\junit\4.12\junit-4.12.jar;C:\Users\timmu\.m2\repository\org\hamcrest\hamcrest-core\1.3\hamcrest-core-1.3.jar;C:\Users\timmu\.m2\repository\org\json\json\20160212\json-20160212.jar;C:\Users\timmu\.m2\repository\org\apache\commons\commons-lang3\3.4\commons-lang3-3.4.jar;C:\Users\timmu\.m2\repository\com\google\guava\guava\18.0\guava-18.0.jar;C:\Users\timmu\.m2\repository\javax\ws\rs\javax.ws.rs-api\2.1.1\javax.ws.rs-api-2.1.1.jar;C:\Users\timmu\.m2\repository\org\glassfish\jersey\core\jersey-client\2.29\jersey-client-2.29.jar;C:\Users\timmu\.m2\repository\jakarta\ws\rs\jakarta.ws.rs-api\2.1.5\jakarta.ws.rs-api-2.1.5.jar;C:\Users\timmu\.m2\repository\org\glassfish\jersey\core\jersey-common\2.29\jersey-common-2.29.jar;C:\Users\timmu\.m2\repository\jakarta\annotation\jakarta.annotation-api\1.3.4\jakarta.annotation-api-1.3.4.jar;C:\Users\timmu\.m2\repository\org\glassfish\hk2\osgi-resource-locator\1.0.3\osgi-resource-locator-1.0.3.jar;C:\Users\timmu\.m2\repository\com\sun\activation\jakarta.activation\1.2.1\jakarta.activation-1.2.1.jar;C:\Users\timmu\.m2\repository\org\glassfish\hk2\external\jakarta.inject\2.5.0\jakarta.inject-2.5.0.jar;C:\Users\timmu\.m2\repository\org\glassfish\jersey\inject\jersey-hk2\2.29\jersey-hk2-2.29.jar;C:\Users\timmu\.m2\repository\org\glassfish\hk2\hk2-locator\2.5.0\hk2-locator-2.5.0.jar;C:\Users\timmu\.m2\repository\org\glassfish\hk2\external\aopalliance-repackaged\2.5.0\aopalliance-repackaged-2.5.0.jar;C:\Users\timmu\.m2\repository\org\glassfish\hk2\hk2-api\2.5.0\hk2-api-2.5.0.jar;C:\Users\timmu\.m2\repository\org\glassfish\hk2\hk2-utils\2.5.0\hk2-utils-2.5.0.jar;C:\Users\timmu\.m2\repository\org\javassist\javassist\3.22.0-CR2\javassist-3.22.0-CR2.jar;C:\Users\timmu\.m2\repository\com\sun\jersey\jersey-client\1.19\jersey-client-1.19.jar;C:\Users\timmu\.m2\repository\com\sun\jersey\jersey-core\1.19\jersey-core-1.19.jar;C:\Users\timmu\.m2\repository\javax\ws\rs\jsr311-api\1.1.1\jsr311-api-1.1.1.jar;"/>
    <property name="sun.cpu.endian" value="little"/>
    <property name="user.home" value="C:\Users\timmu"/>
    <property name="user.language" value="en"/>
    <property name="java.specification.vendor" value="Oracle Corporation"/>
    <property name="java.version.date" value="2022-04-22"/>
    <property name="java.home" value="C:\Program Files\Java\jdk-18.0.1.1"/>
    <property name="file.separator" value="\"/>
    <property name="basedir" value="C:\Users\timmu\OneDrive\Desktop\Teilnehmer-Web-Anwendung\Teilnehmer-JaxRS-Client"/>
    <property name="java.vm.compressedOopsMode" value="Zero based"/>
    <property name="line.separator" value="&#10;"/>
    <property name="java.vm.specification.vendor" value="Oracle Corporation"/>
    <property name="java.specification.name" value="Java Platform API Specification"/>
    <property name="surefire.real.class.path" value="C:\Users\timmu\AppData\Local\Temp\surefire10856199406185781760\surefirebooter16833551177583871113.jar"/>
    <property name="user.script" value=""/>
    <property name="sun.management.compiler" value="HotSpot 64-Bit Tiered Compilers"/>
    <property name="java.runtime.version" value="18.0.1.1+2-6"/>
    <property name="user.name" value="timmu"/>
    <property name="path.separator" value=";"/>
    <property name="os.version" value="10.0"/>
    <property name="java.runtime.name" value="Java(TM) SE Runtime Environment"/>
    <property name="file.encoding" value="UTF-8"/>
    <property name="java.vm.name" value="Java HotSpot(TM) 64-Bit Server VM"/>
    <property name="localRepository" value="C:\Users\timmu\.m2\repository"/>
    <property name="java.vendor.url.bug" value="https://bugreport.java.com/bugreport/"/>
    <property name="java.io.tmpdir" value="C:\Users\timmu\AppData\Local\Temp\"/>
    <property name="idea.version" value="2022.1.1"/>
    <property name="java.version" value="18.0.1.1"/>
    <property name="user.dir" value="C:\Users\timmu\OneDrive\Desktop\Teilnehmer-Web-Anwendung\Teilnehmer-JaxRS-Client"/>
    <property name="os.arch" value="amd64"/>
    <property name="java.vm.specification.name" value="Java Virtual Machine Specification"/>
    <property name="sun.os.patch.level" value=""/>
    <property name="native.encoding" value="Cp1252"/>
    <property name="java.library.path" value="C:\Program Files\Java\jdk-18.0.1.1\bin;C:\WINDOWS\Sun\Java\bin;C:\WINDOWS\system32;C:\WINDOWS;C:\Program Files\Common Files\Oracle\Java\javapath;C:\Python310\Scripts\;C:\Python310\;C:\Program Files (x86)\Razer Chroma SDK\bin;C:\Program Files\Razer Chroma SDK\bin;C:\Program Files (x86)\Razer\ChromaBroadcast\bin;C:\Program Files\Razer\ChromaBroadcast\bin;C:\WINDOWS\system32;C:\WINDOWS;C:\WINDOWS\System32\Wbem;C:\WINDOWS\System32\WindowsPowerShell\v1.0\;C:\WINDOWS\System32\OpenSSH\;C:\Program Files\dotnet\;C:\WINDOWS\system32\config\systemprofile\AppData\Local\Microsoft\WindowsApps;C:\Program Files\NVIDIA Corporation\NVIDIA NvDLISR;C:\Program Files (x86)\NVIDIA Corporation\PhysX\Common;C:\Program Files\Git\cmd;C:\Program Files\nodejs\;C:\ProgramData\chocolatey\bin;%SystemRoot%\system32;%SystemRoot%;%SystemRoot%\System32\Wbem;%SYSTEMROOT%\System32\WindowsPowerShell\v1.0\;%SYSTEMROOT%\System32\OpenSSH\;C:\Users\timmu\AppData\Local\Microsoft\WindowsApps;C:\Users\timmu\AppData\Local\GitHubDesktop\bin;C:\Users\timmu\AppData\Roaming\npm;C:\Users\timmu\AppData\Local\Programs\Microsoft VS Code\bin;;."/>
    <property name="java.vm.info" value="mixed mode, sharing"/>
    <property name="java.vendor" value="Oracle Corporation"/>
    <property name="java.vm.version" value="18.0.1.1+2-6"/>
    <property name="sun.io.unicode.encoding" value="UnicodeLittle"/>
    <property name="java.class.version" value="62.0"/>
    <property name="pact.rootDir" value="target/mypacts"/>
  </properties>
  <testcase name="runTest" classname="de.hdbw.integration.rest.client.test.ConsumerAnnotation2Test" time="0.006">
    <error message="Could not initialize class org.codehaus.groovy.reflection.ReflectionCache" type="java.lang.NoClassDefFoundError"><![CDATA[java.lang.NoClassDefFoundError: Could not initialize class org.codehaus.groovy.reflection.ReflectionCache
	at org.codehaus.groovy.runtime.dgmimpl.NumberNumberMetaMethod.<clinit>(NumberNumberMetaMethod.java:33)
	at java.base/jdk.internal.misc.Unsafe.ensureClassInitialized0(Native Method)
	at java.base/jdk.internal.misc.Unsafe.ensureClassInitialized(Unsafe.java:1160)
	at java.base/jdk.internal.reflect.MethodHandleAccessorFactory.ensureClassInitialized(MethodHandleAccessorFactory.java:300)
	at java.base/jdk.internal.reflect.MethodHandleAccessorFactory.newConstructorAccessor(MethodHandleAccessorFactory.java:103)
	at java.base/jdk.internal.reflect.ReflectionFactory.newConstructorAccessor(ReflectionFactory.java:236)
	at java.base/java.lang.reflect.Constructor.acquireConstructorAccessor(Constructor.java:546)
	at java.base/java.lang.reflect.Constructor.newInstanceWithCaller(Constructor.java:496)
	at java.base/java.lang.reflect.ReflectAccess.newInstance(ReflectAccess.java:128)
	at java.base/jdk.internal.reflect.ReflectionFactory.newInstance(ReflectionFactory.java:341)
	at java.base/java.lang.Class.newInstance(Class.java:677)
	at org.codehaus.groovy.runtime.metaclass.MetaClassRegistryImpl.createMetaMethodFromClass(MetaClassRegistryImpl.java:257)
	at org.codehaus.groovy.runtime.metaclass.MetaClassRegistryImpl.<init>(MetaClassRegistryImpl.java:110)
	at org.codehaus.groovy.runtime.metaclass.MetaClassRegistryImpl.<init>(MetaClassRegistryImpl.java:85)
	at groovy.lang.GroovySystem.<clinit>(GroovySystem.java:36)
	at org.codehaus.groovy.vmplugin.v7.IndyInterface.<clinit>(IndyInterface.java:107)
	at java.base/jdk.internal.misc.Unsafe.ensureClassInitialized0(Native Method)
	at java.base/jdk.internal.misc.Unsafe.ensureClassInitialized(Unsafe.java:1160)
	at java.base/java.lang.invoke.DirectMethodHandle.checkInitialized(DirectMethodHandle.java:384)
	at java.base/java.lang.invoke.DirectMethodHandle.ensureInitialized(DirectMethodHandle.java:372)
	at java.base/java.lang.invoke.DirectMethodHandle.internalMemberNameEnsureInit(DirectMethodHandle.java:337)
	at java.base/java.lang.invoke.BootstrapMethodInvoker.invoke(BootstrapMethodInvoker.java:166)
	at java.base/java.lang.invoke.CallSite.makeSite(CallSite.java:315)
	at java.base/java.lang.invoke.MethodHandleNatives.linkCallSiteImpl(MethodHandleNatives.java:279)
	at java.base/java.lang.invoke.MethodHandleNatives.linkCallSite(MethodHandleNatives.java:269)
	at au.com.dius.pact.model.MockProviderConfig.httpConfig(MockProviderConfig.groovy:29)
	at au.com.dius.pact.consumer.BaseProviderRule.<init>(BaseProviderRule.java:33)
	at au.com.dius.pact.consumer.PactProviderRuleMk2.<init>(PactProviderRuleMk2.java:26)
	at au.com.dius.pact.consumer.PactProviderRuleMk2.<init>(PactProviderRuleMk2.java:37)
	at de.hdbw.integration.rest.client.test.ConsumerAnnotation2Test.<init>(ConsumerAnnotation2Test.java:23)
	at java.base/jdk.internal.reflect.DirectConstructorHandleAccessor.newInstance(DirectConstructorHandleAccessor.java:67)
	at java.base/java.lang.reflect.Constructor.newInstanceWithCaller(Constructor.java:499)
	at java.base/java.lang.reflect.Constructor.newInstance(Constructor.java:483)
	at org.junit.runners.BlockJUnit4ClassRunner.createTest(BlockJUnit4ClassRunner.java:217)
	at org.junit.runners.BlockJUnit4ClassRunner$1.runReflectiveCall(BlockJUnit4ClassRunner.java:266)
	at org.junit.internal.runners.model.ReflectiveCallable.run(ReflectiveCallable.java:12)
	at org.junit.runners.BlockJUnit4ClassRunner.methodBlock(BlockJUnit4ClassRunner.java:263)
	at org.junit.runners.BlockJUnit4ClassRunner.runChild(BlockJUnit4ClassRunner.java:78)
	at org.junit.runners.BlockJUnit4ClassRunner.runChild(BlockJUnit4ClassRunner.java:57)
	at org.junit.runners.ParentRunner$3.run(ParentRunner.java:290)
	at org.junit.runners.ParentRunner$1.schedule(ParentRunner.java:71)
	at org.junit.runners.ParentRunner.runChildren(ParentRunner.java:288)
	at org.junit.runners.ParentRunner.access$000(ParentRunner.java:58)
	at org.junit.runners.ParentRunner$2.evaluate(ParentRunner.java:268)
	at org.junit.runners.ParentRunner.run(ParentRunner.java:363)
	at org.apache.maven.surefire.junit4.JUnit4Provider.execute(JUnit4Provider.java:377)
	at org.apache.maven.surefire.junit4.JUnit4Provider.executeWithRerun(JUnit4Provider.java:284)
	at org.apache.maven.surefire.junit4.JUnit4Provider.executeTestSet(JUnit4Provider.java:248)
	at org.apache.maven.surefire.junit4.JUnit4Provider.invoke(JUnit4Provider.java:167)
	at org.apache.maven.surefire.booter.ForkedBooter.runSuitesInProcess(ForkedBooter.java:456)
	at org.apache.maven.surefire.booter.ForkedBooter.execute(ForkedBooter.java:169)
	at org.apache.maven.surefire.booter.ForkedBooter.run(ForkedBooter.java:595)
	at org.apache.maven.surefire.booter.ForkedBooter.main(ForkedBooter.java:581)
Caused by: java.lang.ExceptionInInitializerError: Exception java.lang.NoClassDefFoundError: Could not initialize class org.codehaus.groovy.vmplugin.v7.Java7 [in thread "main"]
	at org.codehaus.groovy.vmplugin.VMPluginFactory.<clinit>(VMPluginFactory.java:43)
	at org.codehaus.groovy.reflection.GroovyClassValueFactory.<clinit>(GroovyClassValueFactory.java:35)
	at org.codehaus.groovy.reflection.ClassInfo.<clinit>(ClassInfo.java:107)
	at org.codehaus.groovy.reflection.ReflectionCache.getCachedClass(ReflectionCache.java:95)
	at org.codehaus.groovy.reflection.ReflectionCache.<clinit>(ReflectionCache.java:39)
	at org.codehaus.groovy.runtime.metaclass.MetaClassRegistryImpl.registerMethods(MetaClassRegistryImpl.java:209)
	at org.codehaus.groovy.runtime.metaclass.MetaClassRegistryImpl.<init>(MetaClassRegistryImpl.java:107)
	... 40 more
]]></error>
    <system-err><![CDATA[java.lang.NoClassDefFoundError: Could not initialize class org.codehaus.groovy.vmplugin.v7.Java7
	at org.codehaus.groovy.vmplugin.VMPluginFactory.<clinit>(VMPluginFactory.java:43)
	at org.codehaus.groovy.reflection.GroovyClassValueFactory.<clinit>(GroovyClassValueFactory.java:35)
	at org.codehaus.groovy.reflection.ClassInfo.<clinit>(ClassInfo.java:107)
	at org.codehaus.groovy.reflection.ReflectionCache.getCachedClass(ReflectionCache.java:95)
	at org.codehaus.groovy.reflection.ReflectionCache.<clinit>(ReflectionCache.java:39)
	at org.codehaus.groovy.runtime.metaclass.MetaClassRegistryImpl.registerMethods(MetaClassRegistryImpl.java:209)
	at org.codehaus.groovy.runtime.metaclass.MetaClassRegistryImpl.<init>(MetaClassRegistryImpl.java:107)
	at org.codehaus.groovy.runtime.metaclass.MetaClassRegistryImpl.<init>(MetaClassRegistryImpl.java:85)
	at groovy.lang.GroovySystem.<clinit>(GroovySystem.java:36)
	at org.codehaus.groovy.vmplugin.v7.IndyInterface.<clinit>(IndyInterface.java:107)
	at java.base/jdk.internal.misc.Unsafe.ensureClassInitialized0(Native Method)
	at java.base/jdk.internal.misc.Unsafe.ensureClassInitialized(Unsafe.java:1160)
	at java.base/java.lang.invoke.DirectMethodHandle.checkInitialized(DirectMethodHandle.java:384)
	at java.base/java.lang.invoke.DirectMethodHandle.ensureInitialized(DirectMethodHandle.java:372)
	at java.base/java.lang.invoke.DirectMethodHandle.internalMemberNameEnsureInit(DirectMethodHandle.java:337)
	at java.base/java.lang.invoke.BootstrapMethodInvoker.invoke(BootstrapMethodInvoker.java:166)
	at java.base/java.lang.invoke.CallSite.makeSite(CallSite.java:315)
	at java.base/java.lang.invoke.MethodHandleNatives.linkCallSiteImpl(MethodHandleNatives.java:279)
	at java.base/java.lang.invoke.MethodHandleNatives.linkCallSite(MethodHandleNatives.java:269)
	at au.com.dius.pact.model.MockProviderConfig.httpConfig(MockProviderConfig.groovy:29)
	at au.com.dius.pact.consumer.BaseProviderRule.<init>(BaseProviderRule.java:33)
	at au.com.dius.pact.consumer.PactProviderRuleMk2.<init>(PactProviderRuleMk2.java:26)
	at au.com.dius.pact.consumer.PactProviderRuleMk2.<init>(PactProviderRuleMk2.java:37)
	at de.hdbw.integration.rest.client.test.ConsumerAnnotation2Test.<init>(ConsumerAnnotation2Test.java:23)
	at java.base/jdk.internal.reflect.DirectConstructorHandleAccessor.newInstance(DirectConstructorHandleAccessor.java:67)
	at java.base/java.lang.reflect.Constructor.newInstanceWithCaller(Constructor.java:499)
	at java.base/java.lang.reflect.Constructor.newInstance(Constructor.java:483)
	at org.junit.runners.BlockJUnit4ClassRunner.createTest(BlockJUnit4ClassRunner.java:217)
	at org.junit.runners.BlockJUnit4ClassRunner$1.runReflectiveCall(BlockJUnit4ClassRunner.java:266)
	at org.junit.internal.runners.model.ReflectiveCallable.run(ReflectiveCallable.java:12)
	at org.junit.runners.BlockJUnit4ClassRunner.methodBlock(BlockJUnit4ClassRunner.java:263)
	at org.junit.runners.BlockJUnit4ClassRunner.runChild(BlockJUnit4ClassRunner.java:78)
	at org.junit.runners.BlockJUnit4ClassRunner.runChild(BlockJUnit4ClassRunner.java:57)
	at org.junit.runners.ParentRunner$3.run(ParentRunner.java:290)
	at org.junit.runners.ParentRunner$1.schedule(ParentRunner.java:71)
	at org.junit.runners.ParentRunner.runChildren(ParentRunner.java:288)
	at org.junit.runners.ParentRunner.access$000(ParentRunner.java:58)
	at org.junit.runners.ParentRunner$2.evaluate(ParentRunner.java:268)
	at org.junit.runners.ParentRunner.run(ParentRunner.java:363)
	at org.apache.maven.surefire.junit4.JUnit4Provider.execute(JUnit4Provider.java:377)
	at org.apache.maven.surefire.junit4.JUnit4Provider.executeWithRerun(JUnit4Provider.java:284)
	at org.apache.maven.surefire.junit4.JUnit4Provider.executeTestSet(JUnit4Provider.java:248)
	at org.apache.maven.surefire.junit4.JUnit4Provider.invoke(JUnit4Provider.java:167)
	at org.apache.maven.surefire.booter.ForkedBooter.runSuitesInProcess(ForkedBooter.java:456)
	at org.apache.maven.surefire.booter.ForkedBooter.execute(ForkedBooter.java:169)
	at org.apache.maven.surefire.booter.ForkedBooter.run(ForkedBooter.java:595)
	at org.apache.maven.surefire.booter.ForkedBooter.main(ForkedBooter.java:581)
Caused by: java.lang.ExceptionInInitializerError: Exception org.codehaus.groovy.GroovyBugError [in thread "main"]
	at org.codehaus.groovy.vmplugin.v7.Java7.<clinit>(Java7.java:45)
	at java.base/jdk.internal.misc.Unsafe.ensureClassInitialized0(Native Method)
	at java.base/jdk.internal.misc.Unsafe.ensureClassInitialized(Unsafe.java:1160)
	at java.base/jdk.internal.reflect.MethodHandleAccessorFactory.ensureClassInitialized(MethodHandleAccessorFactory.java:300)
	at java.base/jdk.internal.reflect.MethodHandleAccessorFactory.newConstructorAccessor(MethodHandleAccessorFactory.java:103)
	at java.base/jdk.internal.reflect.ReflectionFactory.newConstructorAccessor(ReflectionFactory.java:236)
	at java.base/java.lang.reflect.Constructor.acquireConstructorAccessor(Constructor.java:546)
	at java.base/java.lang.reflect.Constructor.newInstanceWithCaller(Constructor.java:496)
	at java.base/java.lang.reflect.ReflectAccess.newInstance(ReflectAccess.java:128)
	at java.base/jdk.internal.reflect.ReflectionFactory.newInstance(ReflectionFactory.java:341)
	at java.base/java.lang.Class.newInstance(Class.java:677)
	at org.codehaus.groovy.vmplugin.VMPluginFactory.createPlugin(VMPluginFactory.java:57)
	at org.codehaus.groovy.vmplugin.VMPluginFactory.<clinit>(VMPluginFactory.java:39)
	... 46 more
]]></system-err>
  </testcase>
</testsuite>